{"/home/henry/projects/typescript-base/src/common/base/base-dto-mapper.ts": {"path":"/home/henry/projects/typescript-base/src/common/base/base-dto-mapper.ts","statementMap":{"0":{"start":{"line":2,"column":0},"end":{"line":2,"column":28}},"1":{"start":{"line":3,"column":0},"end":{"line":3,"column":26}},"2":{"start":{"line":4,"column":0},"end":{"line":4,"column":42}},"3":{"start":{"line":6,"column":22},"end":{"line":6,"column":45}},"4":{"start":{"line":8,"column":48},"end":{"line":8,"column":60}},"5":{"start":{"line":8,"column":57},"end":{"line":8,"column":60}},"6":{"start":{"line":8,"column":13},"end":{"line":8,"column":48}},"7":{"start":{"line":10,"column":25},"end":{"line":11,"column":34}},"8":{"start":{"line":10,"column":46},"end":{"line":11,"column":34}},"9":{"start":{"line":11,"column":2},"end":{"line":11,"column":34}},"10":{"start":{"line":10,"column":13},"end":{"line":10,"column":25}},"11":{"start":{"line":40,"column":2},"end":{"line":55,"column":4}},"12":{"start":{"line":41,"column":4},"end":{"line":43,"column":null}},"13":{"start":{"line":42,"column":6},"end":{"line":42,"column":30}},"14":{"start":{"line":44,"column":4},"end":{"line":44,"column":48}},"15":{"start":{"line":45,"column":4},"end":{"line":45,"column":45}},"16":{"start":{"line":46,"column":19},"end":{"line":46,"column":74}},"17":{"start":{"line":47,"column":4},"end":{"line":47,"column":39}},"18":{"start":{"line":48,"column":4},"end":{"line":54,"column":6}},"19":{"start":{"line":34,"column":0},"end":{"line":34,"column":16}},"20":{"start":{"line":60,"column":19},"end":{"line":60,"column":25}},"21":{"start":{"line":63,"column":20},"end":{"line":74,"column":3}},"22":{"start":{"line":64,"column":21},"end":{"line":64,"column":39}},"23":{"start":{"line":65,"column":4},"end":{"line":72,"column":null}},"24":{"start":{"line":66,"column":21},"end":{"line":66,"column":36}},"25":{"start":{"line":67,"column":6},"end":{"line":67,"column":48}},"26":{"start":{"line":68,"column":23},"end":{"line":68,"column":65}},"27":{"start":{"line":69,"column":6},"end":{"line":69,"column":24}},"28":{"start":{"line":70,"column":6},"end":{"line":70,"column":38}},"29":{"start":{"line":71,"column":6},"end":{"line":71,"column":34}},"30":{"start":{"line":73,"column":4},"end":{"line":73,"column":20}},"31":{"start":{"line":77,"column":2},"end":{"line":77,"column":38}},"32":{"start":{"line":80,"column":2},"end":{"line":80,"column":14}},"33":{"start":{"line":59,"column":0},"end":{"line":59,"column":16}},"34":{"start":{"line":85,"column":4},"end":{"line":85,"column":44}},"35":{"start":{"line":86,"column":4},"end":{"line":86,"column":34}},"36":{"start":{"line":83,"column":0},"end":{"line":83,"column":13}},"37":{"start":{"line":95,"column":4},"end":{"line":95,"column":25}},"38":{"start":{"line":96,"column":4},"end":{"line":96,"column":75}},"39":{"start":{"line":101,"column":4},"end":{"line":101,"column":47}},"40":{"start":{"line":106,"column":4},"end":{"line":114,"column":null}},"41":{"start":{"line":107,"column":6},"end":{"line":111,"column":null}},"42":{"start":{"line":108,"column":8},"end":{"line":108,"column":50}},"43":{"start":{"line":109,"column":13},"end":{"line":111,"column":null}},"44":{"start":{"line":110,"column":8},"end":{"line":110,"column":43}},"45":{"start":{"line":113,"column":6},"end":{"line":113,"column":53}},"46":{"start":{"line":119,"column":4},"end":{"line":123,"column":null}},"47":{"start":{"line":120,"column":6},"end":{"line":120,"column":60}},"48":{"start":{"line":120,"column":32},"end":{"line":120,"column":58}},"49":{"start":{"line":121,"column":11},"end":{"line":123,"column":null}},"50":{"start":{"line":122,"column":6},"end":{"line":122,"column":69}},"51":{"start":{"line":122,"column":41},"end":{"line":122,"column":67}},"52":{"start":{"line":124,"column":4},"end":{"line":124,"column":40}},"53":{"start":{"line":131,"column":4},"end":{"line":135,"column":null}},"54":{"start":{"line":132,"column":6},"end":{"line":132,"column":51}},"55":{"start":{"line":134,"column":6},"end":{"line":134,"column":44}},"56":{"start":{"line":137,"column":21},"end":{"line":137,"column":74}},"57":{"start":{"line":139,"column":4},"end":{"line":141,"column":null}},"58":{"start":{"line":140,"column":6},"end":{"line":140,"column":22}},"59":{"start":{"line":143,"column":18},"end":{"line":145,"column":44}},"60":{"start":{"line":150,"column":4},"end":{"line":150,"column":17}},"61":{"start":{"line":155,"column":18},"end":{"line":155,"column":72}},"62":{"start":{"line":156,"column":4},"end":{"line":158,"column":null}},"63":{"start":{"line":157,"column":6},"end":{"line":157,"column":31}},"64":{"start":{"line":162,"column":4},"end":{"line":162,"column":22}},"65":{"start":{"line":162,"column":15},"end":{"line":162,"column":22}},"66":{"start":{"line":164,"column":4},"end":{"line":176,"column":null}},"67":{"start":{"line":165,"column":6},"end":{"line":175,"column":null}},"68":{"start":{"line":166,"column":8},"end":{"line":170,"column":null}},"69":{"start":{"line":168,"column":10},"end":{"line":168,"column":46}},"70":{"start":{"line":169,"column":10},"end":{"line":169,"column":19}},"71":{"start":{"line":171,"column":22},"end":{"line":171,"column":74}},"72":{"start":{"line":172,"column":8},"end":{"line":174,"column":null}},"73":{"start":{"line":173,"column":10},"end":{"line":173,"column":48}},"74":{"start":{"line":90,"column":0},"end":{"line":90,"column":13}}},"fnMap":{"0":{"name":"(anonymous_6)","decl":{"start":{"line":8,"column":48},"end":{"line":8,"column":49}},"loc":{"start":{"line":8,"column":57},"end":{"line":8,"column":60}}},"1":{"name":"(anonymous_7)","decl":{"start":{"line":10,"column":25},"end":{"line":10,"column":26}},"loc":{"start":{"line":10,"column":46},"end":{"line":11,"column":34}}},"2":{"name":"(anonymous_8)","decl":{"start":{"line":10,"column":46},"end":{"line":10,"column":47}},"loc":{"start":{"line":11,"column":2},"end":{"line":11,"column":34}}},"3":{"name":"MapFrom","decl":{"start":{"line":34,"column":16},"end":{"line":34,"column":23}},"loc":{"start":{"line":38,"column":18},"end":{"line":56,"column":1}}},"4":{"name":"(anonymous_10)","decl":{"start":{"line":40,"column":9},"end":{"line":40,"column":10}},"loc":{"start":{"line":40,"column":48},"end":{"line":55,"column":3}}},"5":{"name":"MappedDto","decl":{"start":{"line":59,"column":16},"end":{"line":59,"column":25}},"loc":{"start":{"line":59,"column":45},"end":{"line":81,"column":1}}},"6":{"name":"(anonymous_12)","decl":{"start":{"line":63,"column":20},"end":{"line":63,"column":21}},"loc":{"start":{"line":63,"column":39},"end":{"line":74,"column":3}}},"7":{"name":"(anonymous_13)","decl":{"start":{"line":84,"column":2},"end":{"line":84,"column":14}},"loc":{"start":{"line":84,"column":28},"end":{"line":87,"column":3}}},"8":{"name":"(anonymous_14)","decl":{"start":{"line":93,"column":2},"end":{"line":93,"column":14}},"loc":{"start":{"line":93,"column":34},"end":{"line":97,"column":3}}},"9":{"name":"(anonymous_15)","decl":{"start":{"line":100,"column":10},"end":{"line":100,"column":17}},"loc":{"start":{"line":100,"column":29},"end":{"line":102,"column":3}}},"10":{"name":"(anonymous_16)","decl":{"start":{"line":105,"column":10},"end":{"line":105,"column":18}},"loc":{"start":{"line":105,"column":67},"end":{"line":115,"column":3}}},"11":{"name":"(anonymous_17)","decl":{"start":{"line":118,"column":10},"end":{"line":118,"column":26}},"loc":{"start":{"line":118,"column":75},"end":{"line":125,"column":3}}},"12":{"name":"(anonymous_18)","decl":{"start":{"line":120,"column":23},"end":{"line":120,"column":24}},"loc":{"start":{"line":120,"column":32},"end":{"line":120,"column":58}}},"13":{"name":"(anonymous_19)","decl":{"start":{"line":122,"column":32},"end":{"line":122,"column":33}},"loc":{"start":{"line":122,"column":41},"end":{"line":122,"column":67}}},"14":{"name":"(anonymous_20)","decl":{"start":{"line":128,"column":10},"end":{"line":128,"column":27}},"loc":{"start":{"line":128,"column":57},"end":{"line":151,"column":3}}},"15":{"name":"(anonymous_21)","decl":{"start":{"line":154,"column":10},"end":{"line":154,"column":22}},"loc":{"start":{"line":154,"column":59},"end":{"line":159,"column":3}}},"16":{"name":"(anonymous_22)","decl":{"start":{"line":161,"column":12},"end":{"line":161,"column":21}},"loc":{"start":{"line":161,"column":31},"end":{"line":177,"column":3}}}},"branchMap":{"0":{"loc":{"start":{"line":11,"column":18},"end":{"line":11,"column":33}},"type":"binary-expr","locations":[{"start":{"line":11,"column":18},"end":{"line":11,"column":25}},{"start":{"line":11,"column":29},"end":{"line":11,"column":33}}]},"1":{"loc":{"start":{"line":41,"column":4},"end":{"line":43,"column":null}},"type":"if","locations":[{"start":{"line":41,"column":4},"end":{"line":43,"column":null}}]},"2":{"loc":{"start":{"line":44,"column":13},"end":{"line":44,"column":47}},"type":"cond-expr","locations":[{"start":{"line":44,"column":22},"end":{"line":44,"column":28}},{"start":{"line":44,"column":31},"end":{"line":44,"column":47}}]},"3":{"loc":{"start":{"line":45,"column":15},"end":{"line":45,"column":44}},"type":"cond-expr","locations":[{"start":{"line":45,"column":26},"end":{"line":45,"column":34}},{"start":{"line":45,"column":37},"end":{"line":45,"column":44}}]},"4":{"loc":{"start":{"line":46,"column":19},"end":{"line":46,"column":74}},"type":"cond-expr","locations":[{"start":{"line":46,"column":44},"end":{"line":46,"column":52}},{"start":{"line":46,"column":55},"end":{"line":46,"column":74}}]},"5":{"loc":{"start":{"line":47,"column":15},"end":{"line":47,"column":38}},"type":"cond-expr","locations":[{"start":{"line":47,"column":26},"end":{"line":47,"column":30}},{"start":{"line":47,"column":33},"end":{"line":47,"column":38}}]},"6":{"loc":{"start":{"line":65,"column":4},"end":{"line":72,"column":null}},"type":"if","locations":[{"start":{"line":65,"column":4},"end":{"line":72,"column":null}}]},"7":{"loc":{"start":{"line":107,"column":6},"end":{"line":111,"column":null}},"type":"if","locations":[{"start":{"line":107,"column":6},"end":{"line":111,"column":null}},{"start":{"line":109,"column":13},"end":{"line":111,"column":null}}]},"8":{"loc":{"start":{"line":109,"column":13},"end":{"line":111,"column":null}},"type":"if","locations":[{"start":{"line":109,"column":13},"end":{"line":111,"column":null}}]},"9":{"loc":{"start":{"line":119,"column":4},"end":{"line":123,"column":null}},"type":"if","locations":[{"start":{"line":119,"column":4},"end":{"line":123,"column":null}},{"start":{"line":121,"column":11},"end":{"line":123,"column":null}}]},"10":{"loc":{"start":{"line":121,"column":11},"end":{"line":123,"column":null}},"type":"if","locations":[{"start":{"line":121,"column":11},"end":{"line":123,"column":null}}]},"11":{"loc":{"start":{"line":137,"column":21},"end":{"line":137,"column":74}},"type":"cond-expr","locations":[{"start":{"line":137,"column":48},"end":{"line":137,"column":56}},{"start":{"line":137,"column":59},"end":{"line":137,"column":74}}]},"12":{"loc":{"start":{"line":139,"column":4},"end":{"line":141,"column":null}},"type":"if","locations":[{"start":{"line":139,"column":4},"end":{"line":141,"column":null}}]},"13":{"loc":{"start":{"line":139,"column":8},"end":{"line":139,"column":68}},"type":"binary-expr","locations":[{"start":{"line":139,"column":8},"end":{"line":139,"column":28}},{"start":{"line":139,"column":32},"end":{"line":139,"column":51}},{"start":{"line":139,"column":55},"end":{"line":139,"column":68}}]},"14":{"loc":{"start":{"line":143,"column":18},"end":{"line":145,"column":44}},"type":"cond-expr","locations":[{"start":{"line":144,"column":8},"end":{"line":144,"column":52}},{"start":{"line":145,"column":8},"end":{"line":145,"column":44}}]},"15":{"loc":{"start":{"line":156,"column":4},"end":{"line":158,"column":null}},"type":"if","locations":[{"start":{"line":156,"column":4},"end":{"line":158,"column":null}}]},"16":{"loc":{"start":{"line":162,"column":4},"end":{"line":162,"column":22}},"type":"if","locations":[{"start":{"line":162,"column":4},"end":{"line":162,"column":22}}]},"17":{"loc":{"start":{"line":164,"column":4},"end":{"line":176,"column":null}},"type":"if","locations":[{"start":{"line":164,"column":4},"end":{"line":176,"column":null}}]},"18":{"loc":{"start":{"line":166,"column":8},"end":{"line":170,"column":null}},"type":"if","locations":[{"start":{"line":166,"column":8},"end":{"line":170,"column":null}}]},"19":{"loc":{"start":{"line":172,"column":8},"end":{"line":174,"column":null}},"type":"if","locations":[{"start":{"line":172,"column":8},"end":{"line":174,"column":null}}]}},"s":{"0":1,"1":1,"2":1,"3":1,"4":1,"5":9,"6":1,"7":1,"8":9,"9":16,"10":1,"11":10,"12":10,"13":10,"14":10,"15":10,"16":10,"17":10,"18":10,"19":1,"20":1,"21":1,"22":0,"23":0,"24":0,"25":0,"26":0,"27":0,"28":0,"29":0,"30":0,"31":1,"32":1,"33":1,"34":0,"35":0,"36":1,"37":18,"38":18,"39":17,"40":17,"41":17,"42":5,"43":12,"44":12,"45":0,"46":2,"47":1,"48":1,"49":1,"50":1,"51":1,"52":0,"53":17,"54":17,"55":0,"56":17,"57":17,"58":0,"59":17,"60":17,"61":0,"62":0,"63":0,"64":18,"65":1,"66":17,"67":17,"68":17,"69":0,"70":0,"71":17,"72":17,"73":15,"74":1},"f":{"0":9,"1":9,"2":16,"3":10,"4":10,"5":1,"6":0,"7":0,"8":18,"9":17,"10":17,"11":2,"12":1,"13":1,"14":17,"15":0,"16":18},"b":{"0":[16,0],"1":[10],"2":[8,2],"3":[9,1],"4":[2,8],"5":[2,8],"6":[0],"7":[5,12],"8":[12],"9":[1,1],"10":[1],"11":[13,4],"12":[0],"13":[17,6,2],"14":[2,15],"15":[0],"16":[1],"17":[17],"18":[0],"19":[15]}}
,"/home/henry/projects/typescript-base/src/common/utils/utils.ts": {"path":"/home/henry/projects/typescript-base/src/common/utils/utils.ts","statementMap":{"0":{"start":{"line":1,"column":0},"end":{"line":1,"column":23}},"1":{"start":{"line":3,"column":24},"end":{"line":5,"column":1}},"2":{"start":{"line":4,"column":2},"end":{"line":4,"column":83}},"3":{"start":{"line":3,"column":13},"end":{"line":3,"column":24}},"4":{"start":{"line":8,"column":2},"end":{"line":8,"column":55}},"5":{"start":{"line":7,"column":0},"end":{"line":7,"column":16}},"6":{"start":{"line":12,"column":2},"end":{"line":12,"column":68}},"7":{"start":{"line":11,"column":0},"end":{"line":11,"column":16}},"8":{"start":{"line":15,"column":25},"end":{"line":22,"column":1}},"9":{"start":{"line":16,"column":13},"end":{"line":16,"column":15}},"10":{"start":{"line":17,"column":19},"end":{"line":17,"column":83}},"11":{"start":{"line":18,"column":2},"end":{"line":20,"column":null}},"12":{"start":{"line":18,"column":15},"end":{"line":18,"column":16}},"13":{"start":{"line":19,"column":4},"end":{"line":19,"column":73}},"14":{"start":{"line":21,"column":2},"end":{"line":21,"column":14}},"15":{"start":{"line":15,"column":13},"end":{"line":15,"column":25}},"16":{"start":{"line":24,"column":25},"end":{"line":33,"column":1}},"17":{"start":{"line":25,"column":13},"end":{"line":25,"column":15}},"18":{"start":{"line":26,"column":19},"end":{"line":26,"column":31}},"19":{"start":{"line":27,"column":20},"end":{"line":27,"column":31}},"20":{"start":{"line":28,"column":2},"end":{"line":31,"column":null}},"21":{"start":{"line":28,"column":15},"end":{"line":28,"column":16}},"22":{"start":{"line":29,"column":4},"end":{"line":30,"column":78}},"23":{"start":{"line":29,"column":17},"end":{"line":29,"column":88}},"24":{"start":{"line":30,"column":9},"end":{"line":30,"column":78}},"25":{"start":{"line":32,"column":2},"end":{"line":32,"column":15}},"26":{"start":{"line":24,"column":13},"end":{"line":24,"column":25}},"27":{"start":{"line":35,"column":23},"end":{"line":46,"column":1}},"28":{"start":{"line":36,"column":30},"end":{"line":36,"column":33}},"29":{"start":{"line":37,"column":2},"end":{"line":45,"column":14}},"30":{"start":{"line":41,"column":12},"end":{"line":41,"column":44}},"31":{"start":{"line":35,"column":13},"end":{"line":35,"column":23}},"32":{"start":{"line":49,"column":2},"end":{"line":49,"column":59}},"33":{"start":{"line":48,"column":0},"end":{"line":48,"column":16}},"34":{"start":{"line":53,"column":20},"end":{"line":53,"column":68}},"35":{"start":{"line":54,"column":2},"end":{"line":54,"column":42}},"36":{"start":{"line":52,"column":0},"end":{"line":52,"column":16}},"37":{"start":{"line":58,"column":16},"end":{"line":58,"column":31}},"38":{"start":{"line":59,"column":16},"end":{"line":59,"column":19}},"39":{"start":{"line":62,"column":2},"end":{"line":68,"column":null}},"40":{"start":{"line":63,"column":4},"end":{"line":67,"column":null}},"41":{"start":{"line":64,"column":6},"end":{"line":64,"column":23}},"42":{"start":{"line":66,"column":6},"end":{"line":66,"column":34}},"43":{"start":{"line":69,"column":2},"end":{"line":69,"column":17}},"44":{"start":{"line":57,"column":0},"end":{"line":57,"column":16}},"45":{"start":{"line":73,"column":2},"end":{"line":73,"column":78}},"46":{"start":{"line":72,"column":0},"end":{"line":72,"column":16}},"47":{"start":{"line":77,"column":2},"end":{"line":93,"column":null}},"48":{"start":{"line":78,"column":4},"end":{"line":82,"column":null}},"49":{"start":{"line":79,"column":6},"end":{"line":79,"column":18}},"50":{"start":{"line":80,"column":11},"end":{"line":82,"column":null}},"51":{"start":{"line":81,"column":6},"end":{"line":81,"column":18}},"52":{"start":{"line":83,"column":4},"end":{"line":83,"column":17}},"53":{"start":{"line":84,"column":9},"end":{"line":93,"column":null}},"54":{"start":{"line":85,"column":4},"end":{"line":87,"column":null}},"55":{"start":{"line":86,"column":6},"end":{"line":86,"column":18}},"56":{"start":{"line":88,"column":4},"end":{"line":88,"column":17}},"57":{"start":{"line":89,"column":9},"end":{"line":93,"column":null}},"58":{"start":{"line":90,"column":4},"end":{"line":90,"column":16}},"59":{"start":{"line":92,"column":4},"end":{"line":92,"column":17}},"60":{"start":{"line":76,"column":0},"end":{"line":76,"column":16}}},"fnMap":{"0":{"name":"(anonymous_1)","decl":{"start":{"line":3,"column":24},"end":{"line":3,"column":36}},"loc":{"start":{"line":3,"column":38},"end":{"line":5,"column":1}}},"1":{"name":"getRandomInt","decl":{"start":{"line":7,"column":16},"end":{"line":7,"column":28}},"loc":{"start":{"line":7,"column":53},"end":{"line":9,"column":1}}},"2":{"name":"getRandomFloat","decl":{"start":{"line":11,"column":16},"end":{"line":11,"column":30}},"loc":{"start":{"line":11,"column":55},"end":{"line":13,"column":1}}},"3":{"name":"(anonymous_4)","decl":{"start":{"line":15,"column":25},"end":{"line":15,"column":26}},"loc":{"start":{"line":15,"column":44},"end":{"line":22,"column":1}}},"4":{"name":"(anonymous_5)","decl":{"start":{"line":24,"column":25},"end":{"line":24,"column":26}},"loc":{"start":{"line":24,"column":44},"end":{"line":33,"column":1}}},"5":{"name":"(anonymous_6)","decl":{"start":{"line":35,"column":23},"end":{"line":35,"column":24}},"loc":{"start":{"line":35,"column":36},"end":{"line":46,"column":1}}},"6":{"name":"(anonymous_7)","decl":{"start":{"line":40,"column":51},"end":{"line":40,"column":52}},"loc":{"start":{"line":40,"column":90},"end":{"line":42,"column":11}}},"7":{"name":"randomIntFromInterval","decl":{"start":{"line":48,"column":16},"end":{"line":48,"column":37}},"loc":{"start":{"line":48,"column":62},"end":{"line":50,"column":1}}},"8":{"name":"replaceAllNonDigits","decl":{"start":{"line":52,"column":16},"end":{"line":52,"column":35}},"loc":{"start":{"line":52,"column":53},"end":{"line":55,"column":1}}},"9":{"name":"deepFind","decl":{"start":{"line":57,"column":16},"end":{"line":57,"column":24}},"loc":{"start":{"line":57,"column":47},"end":{"line":70,"column":1}}},"10":{"name":"getExternalPath","decl":{"start":{"line":72,"column":16},"end":{"line":72,"column":31}},"loc":{"start":{"line":72,"column":44},"end":{"line":74,"column":1}}},"11":{"name":"isEmpty","decl":{"start":{"line":76,"column":16},"end":{"line":76,"column":23}},"loc":{"start":{"line":76,"column":37},"end":{"line":94,"column":1}}}},"branchMap":{"0":{"loc":{"start":{"line":4,"column":9},"end":{"line":4,"column":82}},"type":"binary-expr","locations":[{"start":{"line":4,"column":9},"end":{"line":4,"column":47}},{"start":{"line":4,"column":51},"end":{"line":4,"column":82}}]},"1":{"loc":{"start":{"line":29,"column":4},"end":{"line":30,"column":78}},"type":"if","locations":[{"start":{"line":29,"column":4},"end":{"line":30,"column":78}},{"start":{"line":30,"column":9},"end":{"line":30,"column":78}}]},"2":{"loc":{"start":{"line":37,"column":9},"end":{"line":45,"column":13}},"type":"cond-expr","locations":[{"start":{"line":38,"column":6},"end":{"line":44,"column":null}},{"start":{"line":45,"column":6},"end":{"line":45,"column":13}}]},"3":{"loc":{"start":{"line":54,"column":9},"end":{"line":54,"column":41}},"type":"cond-expr","locations":[{"start":{"line":54,"column":28},"end":{"line":54,"column":29}},{"start":{"line":54,"column":32},"end":{"line":54,"column":41}}]},"4":{"loc":{"start":{"line":63,"column":4},"end":{"line":67,"column":null}},"type":"if","locations":[{"start":{"line":63,"column":4},"end":{"line":67,"column":null}},{"start":{"line":65,"column":11},"end":{"line":67,"column":null}}]},"5":{"loc":{"start":{"line":77,"column":2},"end":{"line":93,"column":null}},"type":"if","locations":[{"start":{"line":77,"column":2},"end":{"line":93,"column":null}},{"start":{"line":84,"column":9},"end":{"line":93,"column":null}}]},"6":{"loc":{"start":{"line":78,"column":4},"end":{"line":82,"column":null}},"type":"if","locations":[{"start":{"line":78,"column":4},"end":{"line":82,"column":null}},{"start":{"line":80,"column":11},"end":{"line":82,"column":null}}]},"7":{"loc":{"start":{"line":78,"column":8},"end":{"line":78,"column":70}},"type":"binary-expr","locations":[{"start":{"line":78,"column":8},"end":{"line":78,"column":37}},{"start":{"line":78,"column":41},"end":{"line":78,"column":70}}]},"8":{"loc":{"start":{"line":80,"column":11},"end":{"line":82,"column":null}},"type":"if","locations":[{"start":{"line":80,"column":11},"end":{"line":82,"column":null}}]},"9":{"loc":{"start":{"line":84,"column":9},"end":{"line":93,"column":null}},"type":"if","locations":[{"start":{"line":84,"column":9},"end":{"line":93,"column":null}},{"start":{"line":89,"column":9},"end":{"line":93,"column":null}}]},"10":{"loc":{"start":{"line":85,"column":4},"end":{"line":87,"column":null}},"type":"if","locations":[{"start":{"line":85,"column":4},"end":{"line":87,"column":null}}]},"11":{"loc":{"start":{"line":89,"column":9},"end":{"line":93,"column":null}},"type":"if","locations":[{"start":{"line":89,"column":9},"end":{"line":93,"column":null}},{"start":{"line":91,"column":9},"end":{"line":93,"column":null}}]}},"s":{"0":2,"1":2,"2":1,"3":2,"4":2,"5":2,"6":2,"7":2,"8":2,"9":1,"10":1,"11":1,"12":1,"13":100,"14":1,"15":2,"16":2,"17":1,"18":1,"19":1,"20":1,"21":1,"22":7,"23":1,"24":6,"25":1,"26":2,"27":2,"28":2,"29":2,"30":4,"31":2,"32":1,"33":2,"34":2,"35":2,"36":2,"37":18,"38":18,"39":18,"40":20,"41":5,"42":15,"43":13,"44":2,"45":1,"46":2,"47":9,"48":5,"49":2,"50":3,"51":1,"52":2,"53":4,"54":2,"55":1,"56":1,"57":2,"58":1,"59":1,"60":2},"f":{"0":1,"1":2,"2":2,"3":1,"4":1,"5":2,"6":4,"7":1,"8":2,"9":18,"10":1,"11":9},"b":{"0":[1,1],"1":[1,6],"2":[1,1],"3":[0,2],"4":[5,15],"5":[5,4],"6":[2,3],"7":[5,4],"8":[1],"9":[2,2],"10":[1],"11":[1,1]}}
}
