TN:
SF:src/common/base/BaseDTOMapper.ts
FN:8,(anonymous_6)
FN:10,(anonymous_7)
FN:10,(anonymous_8)
FN:34,MapFrom
FN:40,(anonymous_10)
FN:59,MappedDto
FN:63,(anonymous_12)
FN:84,(anonymous_13)
FN:93,(anonymous_14)
FN:100,(anonymous_15)
FN:105,(anonymous_16)
FN:118,(anonymous_17)
FN:120,(anonymous_18)
FN:122,(anonymous_19)
FN:128,(anonymous_20)
FN:154,(anonymous_21)
FN:161,(anonymous_22)
FNF:17
FNH:10
FNDA:2,(anonymous_6)
FNDA:2,(anonymous_7)
FNDA:2,(anonymous_8)
FNDA:2,MapFrom
FNDA:2,(anonymous_10)
FNDA:0,MappedDto
FNDA:0,(anonymous_12)
FNDA:0,(anonymous_13)
FNDA:3,(anonymous_14)
FNDA:2,(anonymous_15)
FNDA:2,(anonymous_16)
FNDA:0,(anonymous_17)
FNDA:0,(anonymous_18)
FNDA:0,(anonymous_19)
FNDA:2,(anonymous_20)
FNDA:0,(anonymous_21)
FNDA:3,(anonymous_22)
DA:2,1
DA:3,1
DA:4,1
DA:6,1
DA:8,2
DA:10,2
DA:11,2
DA:34,1
DA:40,2
DA:41,2
DA:42,2
DA:44,2
DA:45,2
DA:46,2
DA:47,2
DA:48,2
DA:59,1
DA:60,0
DA:63,0
DA:64,0
DA:65,0
DA:66,0
DA:67,0
DA:68,0
DA:69,0
DA:70,0
DA:71,0
DA:73,0
DA:77,0
DA:80,0
DA:83,1
DA:85,0
DA:86,0
DA:90,1
DA:95,3
DA:96,3
DA:101,2
DA:106,2
DA:107,2
DA:108,0
DA:109,2
DA:110,2
DA:113,0
DA:119,0
DA:120,0
DA:121,0
DA:122,0
DA:124,0
DA:131,2
DA:132,2
DA:134,0
DA:137,2
DA:139,2
DA:140,0
DA:143,2
DA:150,2
DA:155,0
DA:156,0
DA:157,0
DA:162,3
DA:164,3
DA:165,2
DA:166,2
DA:168,0
DA:169,0
DA:171,2
DA:172,2
DA:173,2
LF:68
LH:39
BRDA:11,0,0,2
BRDA:11,0,1,0
BRDA:41,1,0,2
BRDA:44,2,0,0
BRDA:44,2,1,2
BRDA:45,3,0,1
BRDA:45,3,1,1
BRDA:46,4,0,1
BRDA:46,4,1,1
BRDA:47,5,0,0
BRDA:47,5,1,2
BRDA:65,6,0,0
BRDA:107,7,0,0
BRDA:107,7,1,2
BRDA:109,8,0,2
BRDA:119,9,0,0
BRDA:119,9,1,0
BRDA:121,10,0,0
BRDA:137,11,0,2
BRDA:137,11,1,0
BRDA:139,12,0,0
BRDA:139,13,0,2
BRDA:139,13,1,1
BRDA:139,13,2,0
BRDA:143,14,0,0
BRDA:143,14,1,2
BRDA:156,15,0,0
BRDA:162,16,0,0
BRDA:164,17,0,2
BRDA:166,18,0,0
BRDA:172,19,0,2
BRF:31
BRH:16
end_of_record
TN:
SF:src/common/utils/utils.ts
FN:3,(anonymous_1)
FN:7,getRandomInt
FN:11,getRandomFloat
FN:15,(anonymous_4)
FN:24,(anonymous_5)
FN:36,(anonymous_6)
FN:41,(anonymous_7)
FN:49,randomIntFromInterval
FN:53,replaceAllNonDigits
FN:58,deepFind
FN:73,getExternalPath
FN:77,isEmpty
FNF:12
FNH:12
FNDA:1,(anonymous_1)
FNDA:2,getRandomInt
FNDA:2,getRandomFloat
FNDA:1,(anonymous_4)
FNDA:1,(anonymous_5)
FNDA:2,(anonymous_6)
FNDA:4,(anonymous_7)
FNDA:1,randomIntFromInterval
FNDA:2,replaceAllNonDigits
FNDA:4,deepFind
FNDA:1,getExternalPath
FNDA:9,isEmpty
DA:1,2
DA:3,2
DA:4,1
DA:7,2
DA:8,2
DA:11,2
DA:12,2
DA:15,2
DA:16,1
DA:17,1
DA:18,1
DA:19,100
DA:21,1
DA:24,2
DA:25,1
DA:26,1
DA:27,1
DA:28,1
DA:29,7
DA:31,6
DA:33,1
DA:36,2
DA:37,2
DA:38,2
DA:42,4
DA:49,2
DA:50,1
DA:53,2
DA:54,2
DA:55,2
DA:58,2
DA:59,4
DA:60,4
DA:63,4
DA:64,6
DA:65,1
DA:67,5
DA:70,3
DA:73,2
DA:74,1
DA:77,2
DA:78,9
DA:79,5
DA:80,2
DA:81,3
DA:82,1
DA:84,2
DA:85,4
DA:86,2
DA:87,1
DA:89,1
DA:90,2
DA:91,1
DA:93,1
LF:54
LH:54
BRDA:4,0,0,1
BRDA:4,0,1,1
BRDA:29,1,0,1
BRDA:29,1,1,6
BRDA:38,2,0,1
BRDA:38,2,1,1
BRDA:55,3,0,0
BRDA:55,3,1,2
BRDA:64,4,0,1
BRDA:64,4,1,5
BRDA:78,5,0,5
BRDA:78,5,1,4
BRDA:79,6,0,2
BRDA:79,6,1,3
BRDA:79,7,0,5
BRDA:79,7,1,4
BRDA:81,8,0,1
BRDA:85,9,0,2
BRDA:85,9,1,2
BRDA:86,10,0,1
BRDA:90,11,0,1
BRDA:90,11,1,1
BRF:22
BRH:21
end_of_record
