TN:
SF:src/common/base/base-dto-mapper.ts
FN:8,(anonymous_6)
FN:10,(anonymous_7)
FN:10,(anonymous_8)
FN:34,MapFrom
FN:40,(anonymous_10)
FN:59,MappedDto
FN:63,(anonymous_12)
FN:84,(anonymous_13)
FN:93,(anonymous_14)
FN:100,(anonymous_15)
FN:105,(anonymous_16)
FN:118,(anonymous_17)
FN:120,(anonymous_18)
FN:122,(anonymous_19)
FN:128,(anonymous_20)
FN:154,(anonymous_21)
FN:161,(anonymous_22)
FNF:17
FNH:14
FNDA:9,(anonymous_6)
FNDA:9,(anonymous_7)
FNDA:16,(anonymous_8)
FNDA:10,MapFrom
FNDA:10,(anonymous_10)
FNDA:1,MappedDto
FNDA:0,(anonymous_12)
FNDA:0,(anonymous_13)
FNDA:18,(anonymous_14)
FNDA:17,(anonymous_15)
FNDA:17,(anonymous_16)
FNDA:2,(anonymous_17)
FNDA:1,(anonymous_18)
FNDA:1,(anonymous_19)
FNDA:17,(anonymous_20)
FNDA:0,(anonymous_21)
FNDA:18,(anonymous_22)
DA:2,1
DA:3,1
DA:4,1
DA:6,1
DA:8,9
DA:10,9
DA:11,16
DA:34,1
DA:40,10
DA:41,10
DA:42,10
DA:44,10
DA:45,10
DA:46,10
DA:47,10
DA:48,10
DA:59,1
DA:60,1
DA:63,1
DA:64,0
DA:65,0
DA:66,0
DA:67,0
DA:68,0
DA:69,0
DA:70,0
DA:71,0
DA:73,0
DA:77,1
DA:80,1
DA:83,1
DA:85,0
DA:86,0
DA:90,1
DA:95,18
DA:96,18
DA:101,17
DA:106,17
DA:107,17
DA:108,5
DA:109,12
DA:110,12
DA:113,0
DA:119,2
DA:120,1
DA:121,1
DA:122,1
DA:124,0
DA:131,17
DA:132,17
DA:134,0
DA:137,17
DA:139,17
DA:140,0
DA:143,17
DA:150,17
DA:155,0
DA:156,0
DA:157,0
DA:162,18
DA:164,17
DA:165,17
DA:166,17
DA:168,0
DA:169,0
DA:171,17
DA:172,17
DA:173,15
LF:68
LH:48
BRDA:11,0,0,16
BRDA:11,0,1,0
BRDA:41,1,0,10
BRDA:44,2,0,8
BRDA:44,2,1,2
BRDA:45,3,0,9
BRDA:45,3,1,1
BRDA:46,4,0,2
BRDA:46,4,1,8
BRDA:47,5,0,2
BRDA:47,5,1,8
BRDA:65,6,0,0
BRDA:107,7,0,5
BRDA:107,7,1,12
BRDA:109,8,0,12
BRDA:119,9,0,1
BRDA:119,9,1,1
BRDA:121,10,0,1
BRDA:137,11,0,13
BRDA:137,11,1,4
BRDA:139,12,0,0
BRDA:139,13,0,17
BRDA:139,13,1,6
BRDA:139,13,2,2
BRDA:143,14,0,2
BRDA:143,14,1,15
BRDA:156,15,0,0
BRDA:162,16,0,1
BRDA:164,17,0,17
BRDA:166,18,0,0
BRDA:172,19,0,15
BRF:31
BRH:26
end_of_record
TN:
SF:src/common/utils/utils.ts
FN:3,(anonymous_1)
FN:7,getRandomInt
FN:11,getRandomFloat
FN:15,(anonymous_4)
FN:24,(anonymous_5)
FN:35,(anonymous_6)
FN:40,(anonymous_7)
FN:48,randomIntFromInterval
FN:52,replaceAllNonDigits
FN:57,deepFind
FN:72,getExternalPath
FN:76,isEmpty
FNF:12
FNH:12
FNDA:1,(anonymous_1)
FNDA:2,getRandomInt
FNDA:2,getRandomFloat
FNDA:1,(anonymous_4)
FNDA:1,(anonymous_5)
FNDA:2,(anonymous_6)
FNDA:4,(anonymous_7)
FNDA:1,randomIntFromInterval
FNDA:2,replaceAllNonDigits
FNDA:18,deepFind
FNDA:1,getExternalPath
FNDA:9,isEmpty
DA:1,2
DA:3,2
DA:4,1
DA:7,2
DA:8,2
DA:11,2
DA:12,2
DA:15,2
DA:16,1
DA:17,1
DA:18,1
DA:19,100
DA:21,1
DA:24,2
DA:25,1
DA:26,1
DA:27,1
DA:28,1
DA:29,7
DA:30,6
DA:32,1
DA:35,2
DA:36,2
DA:37,2
DA:41,4
DA:48,2
DA:49,1
DA:52,2
DA:53,2
DA:54,2
DA:57,2
DA:58,18
DA:59,18
DA:62,18
DA:63,20
DA:64,5
DA:66,15
DA:69,13
DA:72,2
DA:73,1
DA:76,2
DA:77,9
DA:78,5
DA:79,2
DA:80,3
DA:81,1
DA:83,2
DA:84,4
DA:85,2
DA:86,1
DA:88,1
DA:89,2
DA:90,1
DA:92,1
LF:54
LH:54
BRDA:4,0,0,1
BRDA:4,0,1,1
BRDA:29,1,0,1
BRDA:29,1,1,6
BRDA:37,2,0,1
BRDA:37,2,1,1
BRDA:54,3,0,0
BRDA:54,3,1,2
BRDA:63,4,0,5
BRDA:63,4,1,15
BRDA:77,5,0,5
BRDA:77,5,1,4
BRDA:78,6,0,2
BRDA:78,6,1,3
BRDA:78,7,0,5
BRDA:78,7,1,4
BRDA:80,8,0,1
BRDA:84,9,0,2
BRDA:84,9,1,2
BRDA:85,10,0,1
BRDA:89,11,0,1
BRDA:89,11,1,1
BRF:22
BRH:21
end_of_record
